\BOOKMARK [1][-]{figure.caption.1}{\376\377\144\130\000\040\211\201}{}% 1
\BOOKMARK [1][-]{figure.caption.1}{\376\377\000A\000B\000S\000T\000R\000A\000C\000T}{}% 2
\BOOKMARK [1][-]{section.1}{\376\377\176\352\213\272}{}% 3
\BOOKMARK [2][-]{subsection.1.1}{\376\377\137\025\212\000}{section.1}% 4
\BOOKMARK [2][-]{subsection.1.2}{\376\377\147\054\145\207\116\073\211\201\170\024\172\166\121\205\133\271}{section.1}% 5
\BOOKMARK [2][-]{subsection.1.3}{\376\377\147\054\145\207\170\024\172\166\141\017\116\111}{section.1}% 6
\BOOKMARK [2][-]{subsection.1.4}{\376\377\147\054\172\340\134\017\176\323}{section.1}% 7
\BOOKMARK [1][-]{section.2}{\376\377\153\143\145\207\145\207\133\127\150\074\137\017}{}% 8
\BOOKMARK [2][-]{subsection.2.1}{\376\377\213\272\145\207\153\143\145\207}{section.2}% 9
\BOOKMARK [2][-]{subsection.2.2}{\376\377\133\127\145\160\211\201\154\102}{section.2}% 10
\BOOKMARK [3][-]{subsubsection.2.2.1}{\376\377\170\125\130\353\213\272\145\207\133\127\145\160\211\201\154\102}{subsection.2.2}% 11
\BOOKMARK [3][-]{subsubsection.2.2.2}{\376\377\123\132\130\353\213\272\145\207\133\127\145\160\211\201\154\102}{subsection.2.2}% 12
\BOOKMARK [2][-]{subsection.2.3}{\376\377\147\054\172\340\134\017\176\323}{section.2}% 13
\BOOKMARK [1][-]{section.3}{\376\377\126\376\210\150\060\001\121\154\137\017\150\074\137\017}{}% 14
\BOOKMARK [2][-]{subsection.3.1}{\376\377\126\376\210\150\150\074\137\017}{section.3}% 15
\BOOKMARK [2][-]{subsection.3.2}{\376\377\121\154\137\017\150\074\137\017}{section.3}% 16
\BOOKMARK [2][-]{subsection.3.3}{\376\377\147\054\172\340\134\017\176\323}{section.3}% 17
\BOOKMARK [1][-]{section.4}{\376\377\121\150\145\207\140\073\176\323}{}% 18
\BOOKMARK [2][-]{subsection.4.1}{\376\377\116\073\211\201\176\323\213\272}{section.4}% 19
\BOOKMARK [2][-]{subsection.4.2}{\376\377\170\024\172\166\134\125\147\033}{section.4}% 20
\BOOKMARK [1][-]{subsection.4.2}{\376\377\123\302\000\040\200\003\000\040\145\207\000\040\163\056}{}% 21
\BOOKMARK [1][-]{subsection.4.2}{\376\377\226\104\137\125}{}% 22
\BOOKMARK [1][-]{subsection.4.2}{\376\377\145\073\213\373\133\146\117\115\147\037\225\364\133\146\147\057\213\272\145\207\124\214\171\321\170\024\142\020\147\234\166\356\137\125}{}% 23
\BOOKMARK [1][-]{subsection.4.2}{\376\377\201\364\000\040\214\042}{}% 24
