\BOOKMARK [1][-]{figure.caption.1}{\376\377\144\130\000\040\211\201}{}% 1
\BOOKMARK [1][-]{figure.caption.1}{\376\377\000A\000B\000S\000T\000R\000A\000C\000T}{}% 2
\BOOKMARK [1][-]{section.1}{\376\377\176\352\213\272}{}% 3
\BOOKMARK [2][-]{subsection.1.1}{\376\377\170\024\172\166\200\314\146\157}{section.1}% 4
\BOOKMARK [2][-]{subsection.1.2}{\376\377\170\024\172\166\163\260\162\266}{section.1}% 5
\BOOKMARK [3][-]{subsubsection.1.2.1}{\376\377\147\011\176\277\177\121\176\334\166\204\145\366\224\237\124\014\153\145\225\356\230\230\170\024\172\166\163\260\162\266}{subsection.1.2}% 6
\BOOKMARK [3][-]{subsubsection.1.2.2}{\376\377\145\340\176\277\177\121\176\334\116\055\166\204\145\366\224\237\124\014\153\145\170\024\172\166\163\260\162\266}{subsection.1.2}% 7
\BOOKMARK [3][-]{subsubsection.1.2.3}{\376\377\137\002\147\204\177\121\176\334\145\366\224\237\124\014\153\145\213\276\213\241\166\204\143\021\142\030}{subsection.1.2}% 8
\BOOKMARK [3][-]{subsubsection.1.2.4}{\376\377\117\040\176\337\137\002\147\204\177\121\176\334\145\366\224\237\124\014\153\145\170\024\172\166\163\260\162\266}{subsection.1.2}% 9
\BOOKMARK [3][-]{subsubsection.1.2.5}{\376\377\0005\000G\000+\000T\000S\000N\137\002\147\204\177\121\176\334\116\055\166\204\145\366\224\237\124\014\153\145\225\356\230\230\170\024\172\166\163\260\162\266}{subsection.1.2}% 10
\BOOKMARK [2][-]{subsection.1.3}{\376\377\147\054\145\207\166\204\170\024\172\166\121\205\133\271}{section.1}% 11
\BOOKMARK [2][-]{subsection.1.4}{\376\377\147\054\172\340\134\017\176\323}{section.1}% 12
\BOOKMARK [1][-]{section.2}{\376\377\147\011\176\277\000/\145\340\176\277\177\121\176\334\155\367\124\010\145\366\224\237\124\014\153\145\147\266\147\204\213\276\213\241}{}% 13
\BOOKMARK [2][-]{subsection.2.1}{\376\377\145\366\224\237\152\041\127\213}{section.2}% 14
\BOOKMARK [2][-]{subsection.2.2}{\376\377\145\366\136\366\152\041\127\213}{section.2}% 15
\BOOKMARK [2][-]{subsection.2.3}{\376\377\155\367\124\010\124\014\153\145\147\266\147\204\213\276\213\241}{section.2}% 16
\BOOKMARK [2][-]{subsection.2.4}{\376\377\122\035\131\313\123\026\124\014\153\145}{section.2}% 17
\BOOKMARK [3][-]{subsubsection.2.4.1}{\376\377\147\011\176\277\220\350\122\006\122\035\131\313\123\026\124\014\153\145}{subsection.2.4}% 18
\BOOKMARK [3][-]{subsubsection.2.4.2}{\376\377\145\340\176\277\220\350\122\006\122\035\131\313\123\026\124\014\153\145}{subsection.2.4}% 19
\BOOKMARK [3][-]{subsubsection.2.4.3}{\376\377\150\041\232\214\146\364\145\260}{subsection.2.4}% 20
\BOOKMARK [2][-]{subsection.2.5}{\376\377\155\367\124\010\147\266\147\204\145\366\224\237\124\014\153\145\213\304\117\060\143\007\150\007}{section.2}% 21
\BOOKMARK [2][-]{subsection.2.6}{\376\377\140\047\200\375\117\030\123\026\145\271\154\325}{section.2}% 22
\BOOKMARK [2][-]{subsection.2.7}{\376\377\147\054\172\340\134\017\176\323}{section.2}% 23
\BOOKMARK [1][-]{section.3}{\376\377\0005\000G\000+\000T\000S\000N\137\002\147\204\177\121\176\334\166\204\155\367\124\010\145\366\224\237\124\014\153\145\145\271\154\325}{}% 24
\BOOKMARK [2][-]{subsection.3.1}{\376\377\133\120\217\175\154\342\225\364\226\224\117\030\123\026\225\356\230\230\147\204\136\372}{section.3}% 25
\BOOKMARK [3][-]{subsubsection.3.1.1}{\376\377\176\277\140\047\127\107\210\141\126\150}{subsection.3.1}% 26
\BOOKMARK [3][-]{subsubsection.3.1.2}{\376\377\122\044\121\263\123\315\231\210\127\107\210\141\126\150}{subsection.3.1}% 27
\BOOKMARK [3][-]{subsubsection.3.1.3}{\376\377\201\352\220\002\136\224\127\107\210\141\126\150}{subsection.3.1}% 28
\BOOKMARK [3][-]{subsubsection.3.1.4}{\376\377\224\210\133\371\0005\000G\177\121\176\334\127\107\210\141\126\150\213\276\213\241}{subsection.3.1}% 29
\BOOKMARK [3][-]{subsubsection.3.1.5}{\376\377\000A\000D\000F\000E\213\276\213\241\155\101\172\013}{subsection.3.1}% 30
\BOOKMARK [2][-]{subsection.3.2}{\376\377\145\366\225\364\142\063\210\145\120\177\173\227\154\325}{section.3}% 31
\BOOKMARK [2][-]{subsection.3.3}{\376\377\147\054\172\340\134\017\202\202}{section.3}% 32
\BOOKMARK [1][-]{section.4}{\376\377\116\377\167\037\133\236\232\214}{}% 33
\BOOKMARK [2][-]{subsection.4.1}{\376\377\122\006\134\102\173\227\154\325\116\377\167\037}{section.4}% 34
\BOOKMARK [2][-]{subsection.4.2}{\376\377\150\070\137\303\177\121\176\334\0005\000G\000+\000T\000S\000N\145\366\224\237\124\014\153\145\117\030\123\026\116\377\167\037}{section.4}% 35
\BOOKMARK [3][-]{subsubsection.4.2.1}{\376\377\217\175\154\342\225\364\226\224\117\030\123\026\116\377\167\037}{subsection.4.2}% 36
\BOOKMARK [3][-]{subsubsection.4.2.2}{\376\377\127\107\210\141\126\150\116\377\167\037}{subsection.4.2}% 37
\BOOKMARK [3][-]{subsubsection.4.2.3}{\376\377\145\366\225\364\142\063\210\145\120\177\116\377\167\037}{subsection.4.2}% 38
\BOOKMARK [2][-]{subsection.4.3}{\376\377\147\054\172\340\134\017\176\323}{section.4}% 39
\BOOKMARK [1][-]{section.5}{\376\377\121\150\145\207\140\073\176\323}{}% 40
\BOOKMARK [2][-]{subsection.5.1}{\376\377\135\345\117\134\140\073\176\323}{section.5}% 41
\BOOKMARK [2][-]{subsection.5.2}{\376\377\170\024\172\166\213\376\230\230\134\125\147\033}{section.5}% 42
\BOOKMARK [1][-]{Item.35}{\376\377\226\104\137\125}{}% 43
\BOOKMARK [1][-]{Item.35}{\376\377\145\073\213\373\133\146\117\115\147\037\225\364\133\146\147\057\213\272\145\207\124\214\171\321\170\024\142\020\147\234\166\356\137\125}{}% 44
\BOOKMARK [1][-]{Item.35}{\376\377\201\364\000\040\214\042}{}% 45
