\BOOKMARK [1][-]{figure.caption.1}{\376\377\144\130\000\040\211\201}{}% 1
\BOOKMARK [1][-]{figure.caption.1}{\376\377\000A\000B\000S\000T\000R\000A\000C\000T}{}% 2
\BOOKMARK [1][-]{section.1}{\376\377\176\352\213\272}{}% 3
\BOOKMARK [2][-]{subsection.1.1}{\376\377\170\024\172\166\200\314\146\157}{section.1}% 4
\BOOKMARK [2][-]{subsection.1.2}{\376\377\170\024\172\166\163\260\162\266}{section.1}% 5
\BOOKMARK [2][-]{subsection.1.3}{\376\377\147\054\145\207\116\073\211\201\135\345\117\134}{section.1}% 6
\BOOKMARK [2][-]{subsection.1.4}{\376\377\147\054\145\207\166\204\176\304\176\307\176\323\147\204}{section.1}% 7
\BOOKMARK [1][-]{section.2}{\376\377\0005\000G\000+\000T\000S\000N\207\215\124\010\213\276\213\241\116\016\170\024\172\166\122\250\147\072}{}% 8
\BOOKMARK [2][-]{subsection.2.1}{\376\377\0005\000G\177\121\150\145\142\200\147\057}{section.2}% 9
\BOOKMARK [3][-]{subsubsection.2.1.1}{\376\377\0005\000G\177\121\176\334\143\210\145\366\122\237\200\375}{subsection.2.1}% 10
\BOOKMARK [4][-]{paragraph.2.1.1.1}{\376\377\0001\0005\0008\0008\000v\0002\123\117\213\256}{subsubsection.2.1.1}% 11
\BOOKMARK [4][-]{paragraph.2.1.1.2}{\376\377\0001\0005\0008\0008\000v\0002\166\204\134\100\226\120\140\047}{subsubsection.2.1.1}% 12
\BOOKMARK [4][-]{paragraph.2.1.1.3}{\376\377\0005\000G\136\177\144\255\124\014\153\145}{subsubsection.2.1.1}% 13
\BOOKMARK [2][-]{subsection.2.2}{\376\377\0005\000G\116\016\000T\000S\000N\207\215\124\010\124\014\153\145\145\271\150\110}{section.2}% 14
\BOOKMARK [3][-]{subsubsection.2.2.1}{\376\377\123\117\213\256\121\205\133\271}{subsection.2.2}% 15
\BOOKMARK [3][-]{subsubsection.2.2.2}{\376\377\163\260\147\011\166\204\207\215\124\010\117\030\123\026\145\271\150\110}{subsection.2.2}% 16
\BOOKMARK [2][-]{subsection.2.3}{\376\377\137\002\147\204\177\121\176\334\123\117\124\014\227\000\154\102}{section.2}% 17
\BOOKMARK [2][-]{subsection.2.4}{\376\377\170\024\172\166\122\250\147\072}{section.2}% 18
\BOOKMARK [2][-]{subsection.2.5}{\376\377\147\054\172\340\134\017\176\323}{section.2}% 19
\BOOKMARK [1][-]{section.3}{\376\377\155\367\124\010\124\014\153\145\147\266\147\204}{}% 20
\BOOKMARK [2][-]{subsection.3.1}{\376\377\155\367\124\010\124\014\153\145\147\266\147\204\230\204\211\310}{section.3}% 21
\BOOKMARK [2][-]{subsection.3.2}{\376\377\122\035\131\313\123\026\124\014\153\145}{section.3}% 22
\BOOKMARK [3][-]{subsubsection.3.2.1}{\376\377\147\011\176\277\220\350\122\006\122\035\131\313\123\026\124\014\153\145}{subsection.3.2}% 23
\BOOKMARK [3][-]{subsubsection.3.2.2}{\376\377\145\340\176\277\220\350\122\006\122\035\131\313\123\026\124\014\153\145}{subsection.3.2}% 24
\BOOKMARK [2][-]{subsection.3.3}{\376\377\175\057\171\357\213\357\135\356\210\145\120\177}{section.3}% 25
\BOOKMARK [3][-]{subsubsection.3.3.1}{\376\377\145\366\225\364\142\063\117\356\153\143}{subsection.3.3}% 26
\BOOKMARK [3][-]{subsubsection.3.3.2}{\376\377\117\040\217\223\136\366\217\337\117\030\123\026}{subsection.3.3}% 27
\BOOKMARK [3][-]{subsubsection.3.3.3}{\376\377\150\041\232\214\146\364\145\260}{subsection.3.3}% 28
\BOOKMARK [2][-]{subsection.3.4}{\376\377\147\054\172\340\134\017\176\323}{section.3}% 29
\BOOKMARK [1][-]{section.4}{\376\377\116\377\167\037\133\236\232\214}{}% 30
\BOOKMARK [1][-]{section.5}{\376\377\121\150\145\207\140\073\176\323}{}% 31
\BOOKMARK [2][-]{subsection.5.1}{\376\377\116\073\211\201\176\323\213\272}{section.5}% 32
\BOOKMARK [2][-]{subsection.5.2}{\376\377\170\024\172\166\134\125\147\033}{section.5}% 33
\BOOKMARK [1][-]{table.caption.12}{\376\377\123\302\000\040\200\003\000\040\145\207\000\040\163\056}{}% 34
\BOOKMARK [1][-]{table.caption.12}{\376\377\226\104\137\125}{}% 35
\BOOKMARK [1][-]{table.caption.12}{\376\377\145\073\213\373\133\146\117\115\147\037\225\364\133\146\147\057\213\272\145\207\124\214\171\321\170\024\142\020\147\234\166\356\137\125}{}% 36
\BOOKMARK [1][-]{table.caption.12}{\376\377\201\364\000\040\214\042}{}% 37
